<?xml version="1.0" encoding="UTF-8"?>
<!-- Generated by org.testng.reporters.JUnitXMLReporter -->
<testsuite hostname="ATMECSINDT-060" name="DBTest" tests="1" failures="1" timestamp="8 Jan 2015 09:22:11 GMT" time="0.016" errors="0">
  <testcase name="testDBConnection" time="0.016" classname="com.atmecs.db.tests.TestDBConfig">
    <failure type="java.lang.NullPointerException">
      <![CDATA[java.lang.NullPointerException
	at com.atmecs.db.tests.TestDBConfig.testDBConnection(TestDBConfig.java:19)
... Removed 24 stack frames]]>
    </failure>
  </testcase> <!-- testDBConnection -->
</testsuite> <!-- DBTest -->
