<?xml version="1.0" encoding="UTF-8"?>
<!-- Generated by org.testng.reporters.JUnitXMLReporter -->
<testsuite hostname="ATMECSINDT-060" name="DBTest" tests="3" failures="0" timestamp="9 Jan 2015 11:07:44 GMT" time="0.031" errors="0">
  <testcase name="testDBConnection" time="0.015" classname="com.atmecs.db.tests.TestDBConfig"/>
  <testcase name="testDBConnection" time="0.0" classname="com.atmecs.db.tests.TestDBConfig"/>
  <testcase name="testDBConnection" time="0.0" classname="com.atmecs.db.tests.TestDBConfig"/>
</testsuite> <!-- DBTest -->
