<?xml version="1.0" encoding="UTF-8"?>
<testng-results skipped="0" failed="0" total="1" passed="1">
  <reporter-output>
  </reporter-output>
  <suite name="DBSuite" duration-ms="31" started-at="2015-01-08T10:09:32Z" finished-at="2015-01-08T10:09:32Z">
    <groups>
    </groups>
    <test name="DBTest" duration-ms="31" started-at="2015-01-08T10:09:32Z" finished-at="2015-01-08T10:09:32Z">
      <class name="com.atmecs.db.tests.TestDBConfig">
        <test-method status="PASS" signature="testDBConnection()[pri:0, instance:com.atmecs.db.tests.TestDBConfig@71f2a7d5]" name="testDBConnection" duration-ms="15" started-at="2015-01-08T15:39:32Z" finished-at="2015-01-08T15:39:32Z">
          <reporter-output>
          </reporter-output>
        </test-method> <!-- testDBConnection -->
      </class> <!-- com.atmecs.db.tests.TestDBConfig -->
    </test> <!-- DBTest -->
  </suite> <!-- DBSuite -->
</testng-results>
