<?xml version="1.0" encoding="UTF-8"?>
<testng-results skipped="0" failed="0" total="3" passed="3">
  <reporter-output>
  </reporter-output>
  <suite name="DBSuite" duration-ms="31" started-at="2015-01-09T11:07:44Z" finished-at="2015-01-09T11:07:44Z">
    <groups>
    </groups>
    <test name="DBTest" duration-ms="31" started-at="2015-01-09T11:07:44Z" finished-at="2015-01-09T11:07:44Z">
      <class name="com.atmecs.db.tests.TestDBConfig">
        <test-method status="PASS" signature="testDBConnection()[pri:0, instance:com.atmecs.db.tests.TestDBConfig@2d6a9952]" name="testDBConnection" duration-ms="15" started-at="2015-01-09T16:37:44Z" finished-at="2015-01-09T16:37:44Z">
          <reporter-output>
          </reporter-output>
        </test-method> <!-- testDBConnection -->
        <test-method status="PASS" signature="testDBConnection()[pri:0, instance:com.atmecs.db.tests.TestDBConfig@47d384ee]" name="testDBConnection" duration-ms="0" started-at="2015-01-09T16:37:44Z" finished-at="2015-01-09T16:37:44Z">
          <reporter-output>
          </reporter-output>
        </test-method> <!-- testDBConnection -->
        <test-method status="PASS" signature="testDBConnection()[pri:0, instance:com.atmecs.db.tests.TestDBConfig@3ac42916]" name="testDBConnection" duration-ms="0" started-at="2015-01-09T16:37:44Z" finished-at="2015-01-09T16:37:44Z">
          <reporter-output>
          </reporter-output>
        </test-method> <!-- testDBConnection -->
      </class> <!-- com.atmecs.db.tests.TestDBConfig -->
    </test> <!-- DBTest -->
  </suite> <!-- DBSuite -->
</testng-results>
